<?xml version="1.0" encoding="UTF-8"?>
<testsuite xmlns:xsi="http://www.w3.org/2001/XMLSchema-instance" xsi:noNamespaceSchemaLocation="https://maven.apache.org/surefire/maven-surefire-plugin/xsd/surefire-test-report.xsd" version="3.0.1" name="TestSuite" time="25.658" tests="3" errors="0" skipped="0" failures="0">
  <properties>
[...]
</properties>
  <testcase name="runScenario[&quot;Logintable using correct username and correct password&quot;, &quot;logintable&quot;](1)" classname="Com.Gmail.Runner.TestRunner2" time="8.787">
    <system-out><![CDATA[
@TC1
Scenario Outline: Logintable using correct username and correct password &amp#27;[90m# src/test/java/Com/Gmail/Users/Features/logintable.feature:24&amp#27;[0m
  &amp#27;[32mGiven &amp#27;[0m&amp#27;[32mtable login page&amp#27;[0m                                                 &amp#27;[90m# Com.Gmail.Users.StepDef.loginTable.login_page()&amp#27;[0m
  &amp#27;[32mAnd &amp#27;[0m&amp#27;[32menter &amp#27;[0m&amp#27;[32m&amp#27;[1m"mercury"&amp#27;[0m&amp#27;[32m and &amp#27;[0m&amp#27;[32m&amp#27;[1m"mercury"&amp#27;[0m                                      &amp#27;[90m# Com.Gmail.Users.StepDef.loginTable.enter(java.lang.String,java.lang.String)&amp#27;[0m
  &amp#27;[32mAnd &amp#27;[0m&amp#27;[32mtable click sigin&amp#27;[0m                                                  &amp#27;[90m# Com.Gmail.Users.StepDef.loginTable.click_sigin()&amp#27;[0m
  &amp#27;[32mThen &amp#27;[0m&amp#27;[32mtable check correct navigation &amp#27;[0m&amp#27;[32m&amp#27;[1m"Login Successfully"&amp#27;[0m               &amp#27;[90m# Com.Gmail.Users.StepDef.loginTable.check_correct_navigation(java.lang.String)&amp#27;[0m
]]></system-out>
    <system-err><![CDATA[SLF4J: Failed to load class "org.slf4j.impl.StaticLoggerBinder".
SLF4J: Defaulting to no-operation (NOP) logger implementation
SLF4J: See http://www.slf4j.org/codes.html#StaticLoggerBinder for further details.
Oct 29, 2025 5:06:04 PM org.openqa.selenium.devtools.CdpVersionFinder findNearestMatch
WARNING: Unable to find an exact match for CDP version 141, returning the closest version; found: 138; Please update to a Selenium version that supports CDP version 141
]]></system-err>
  </testcase>
  <testcase name="runScenario[&quot;Logintable using correct username and correct password&quot;, &quot;logintable&quot;](2)" classname="Com.Gmail.Runner.TestRunner2" time="6.773">
    <system-out><![CDATA[
@TC1
Scenario Outline: Logintable using correct username and correct password &amp#27;[90m# src/test/java/Com/Gmail/Users/Features/logintable.feature:25&amp#27;[0m
  &amp#27;[32mGiven &amp#27;[0m&amp#27;[32mtable login page&amp#27;[0m                                                 &amp#27;[90m# Com.Gmail.Users.StepDef.loginTable.login_page()&amp#27;[0m
  &amp#27;[32mAnd &amp#27;[0m&amp#27;[32menter &amp#27;[0m&amp#27;[32m&amp#27;[1m"mercury"&amp#27;[0m&amp#27;[32m and &amp#27;[0m&amp#27;[32m&amp#27;[1m"123"&amp#27;[0m                                          &amp#27;[90m# Com.Gmail.Users.StepDef.loginTable.enter(java.lang.String,java.lang.String)&amp#27;[0m
  &amp#27;[32mAnd &amp#27;[0m&amp#27;[32mtable click sigin&amp#27;[0m                                                  &amp#27;[90m# Com.Gmail.Users.StepDef.loginTable.click_sigin()&amp#27;[0m
  &amp#27;[32mThen &amp#27;[0m&amp#27;[32mtable check correct navigation &amp#27;[0m&amp#27;[32m&amp#27;[1m"Login Successfully"&amp#27;[0m               &amp#27;[90m# Com.Gmail.Users.StepDef.loginTable.check_correct_navigation(java.lang.String)&amp#27;[0m
]]></system-out>
    <system-err><![CDATA[Oct 29, 2025 5:06:12 PM org.openqa.selenium.devtools.CdpVersionFinder findNearestMatch
WARNING: Unable to find an exact match for CDP version 141, returning the closest version; found: 138; Please update to a Selenium version that supports CDP version 141
]]></system-err>
  </testcase>
  <testcase name="runScenario[&quot;Logintable using correct username and correct password&quot;, &quot;logintable&quot;](3)" classname="Com.Gmail.Runner.TestRunner2" time="7.145">
    <system-out><![CDATA[
@TC1
Scenario Outline: Logintable using correct username and correct password         &amp#27;[90m# src/test/java/Com/Gmail/Users/Features/logintable.feature:26&amp#27;[0m
  &amp#27;[32mGiven &amp#27;[0m&amp#27;[32mtable login page&amp#27;[0m                                                         &amp#27;[90m# Com.Gmail.Users.StepDef.loginTable.login_page()&amp#27;[0m
  &amp#27;[32mAnd &amp#27;[0m&amp#27;[32menter &amp#27;[0m&amp#27;[32m&amp#27;[1m"mercury"&amp#27;[0m&amp#27;[32m and &amp#27;[0m&amp#27;[32m&amp#27;[1m"hi"&amp#27;[0m                                                   &amp#27;[90m# Com.Gmail.Users.StepDef.loginTable.enter(java.lang.String,java.lang.String)&amp#27;[0m
  &amp#27;[32mAnd &amp#27;[0m&amp#27;[32mtable click sigin&amp#27;[0m                                                          &amp#27;[90m# Com.Gmail.Users.StepDef.loginTable.click_sigin()&amp#27;[0m
  &amp#27;[32mThen &amp#27;[0m&amp#27;[32mtable check correct navigation &amp#27;[0m&amp#27;[32m&amp#27;[1m"Enter your userName and password correct"&amp#27;[0m &amp#27;[90m# Com.Gmail.Users.StepDef.loginTable.check_correct_navigation(java.lang.String)&amp#27;[0m
]]></system-out>
    <system-err><![CDATA[Oct 29, 2025 5:06:19 PM org.openqa.selenium.devtools.CdpVersionFinder findNearestMatch
WARNING: Unable to find an exact match for CDP version 141, returning the closest version; found: 138; Please update to a Selenium version that supports CDP version 141
]]></system-err>
  </testcase>
</testsuite>